<?xml version="1.0" encoding="UTF-8"?>
<!-- Generated by org.testng.reporters.JUnitXMLReporter -->
<testsuite hostname="Admins-MacBook-Pro-2.local" ignored="0" name="Test" tests="2" failures="1" timestamp="08 Dec 2019 10:42:34 GMT" time="42.959" errors="0">
  <testcase name="searchProduct" time="5.605" classname="testScripts.TC001">
    <failure type="java.lang.AssertionError" message="Failing for fun..">
      <![CDATA[java.lang.AssertionError: Failing for fun..
at testScripts.TC001.searchProduct(TC001.java:17)
... Removed 26 stack frames]]>
    </failure>
  </testcase> <!-- searchProduct -->
  <testcase name="searchProductWithPrice" time="21.635" classname="testScripts.TC002"/>
</testsuite> <!-- Test -->
