<?xml version="1.0" encoding="UTF-8"?>
<testng-results skipped="0" failed="1" ignored="0" total="2" passed="1">
  <reporter-output>
    <line>
      <![CDATA[on start]]>
    </line>
    <line>
      <![CDATA[on test start]]>
    </line>
    <line>
      <![CDATA[on test failure]]>
    </line>
    <line>
      <![CDATA[on test start]]>
    </line>
    <line>
      <![CDATA[on test success]]>
    </line>
  </reporter-output>
  <suite name="Suite" duration-ms="42959" started-at="2019-12-08T10:41:51Z" finished-at="2019-12-08T10:42:34Z">
    <groups>
    </groups>
    <test name="Test" duration-ms="42959" started-at="2019-12-08T10:41:51Z" finished-at="2019-12-08T10:42:34Z">
      <class name="testScripts.TC002">
        <test-method status="PASS" signature="launchBrowser()[pri:0, instance:testScripts.TC002@56ac3a89]" name="launchBrowser" is-config="true" duration-ms="5911" started-at="2019-12-08T10:42:06Z" finished-at="2019-12-08T10:42:12Z">
          <reporter-output>
          </reporter-output>
        </test-method> <!-- launchBrowser -->
        <test-method status="PASS" signature="searchProductWithPrice()[pri:0, instance:testScripts.TC002@56ac3a89]" name="searchProductWithPrice" duration-ms="21635" started-at="2019-12-08T10:42:12Z" finished-at="2019-12-08T10:42:34Z">
          <reporter-output>
            <line>
              <![CDATA[on test start]]>
            </line>
            <line>
              <![CDATA[on test success]]>
            </line>
          </reporter-output>
        </test-method> <!-- searchProductWithPrice -->
        <test-method status="PASS" signature="close()[pri:0, instance:testScripts.TC002@56ac3a89]" name="close" is-config="true" duration-ms="524" started-at="2019-12-08T10:42:34Z" finished-at="2019-12-08T10:42:34Z">
          <reporter-output>
          </reporter-output>
        </test-method> <!-- close -->
      </class> <!-- testScripts.TC002 -->
      <class name="testScripts.TC001">
        <test-method status="PASS" signature="launchBrowser()[pri:0, instance:testScripts.TC001@490ab905]" name="launchBrowser" is-config="true" duration-ms="7332" started-at="2019-12-08T10:41:51Z" finished-at="2019-12-08T10:41:59Z">
          <reporter-output>
          </reporter-output>
        </test-method> <!-- launchBrowser -->
        <test-method status="FAIL" signature="searchProduct()[pri:0, instance:testScripts.TC001@490ab905]" name="searchProduct" duration-ms="5605" started-at="2019-12-08T10:41:59Z" finished-at="2019-12-08T10:42:04Z">
          <exception class="java.lang.AssertionError">
            <message>
              <![CDATA[Failing for fun..]]>
            </message>
            <full-stacktrace>
              <![CDATA[java.lang.AssertionError: Failing for fun..
at org.testng.Assert.fail(Assert.java:96)
at testScripts.TC001.searchProduct(TC001.java:17)
at sun.reflect.NativeMethodAccessorImpl.invoke0(Native Method)
at sun.reflect.NativeMethodAccessorImpl.invoke(NativeMethodAccessorImpl.java:62)
at sun.reflect.DelegatingMethodAccessorImpl.invoke(DelegatingMethodAccessorImpl.java:43)
at java.lang.reflect.Method.invoke(Method.java:498)
at org.testng.internal.MethodInvocationHelper.invokeMethod(MethodInvocationHelper.java:124)
at org.testng.internal.Invoker.invokeMethod(Invoker.java:583)
at org.testng.internal.Invoker.invokeTestMethod(Invoker.java:719)
at org.testng.internal.Invoker.invokeTestMethods(Invoker.java:989)
at org.testng.internal.TestMethodWorker.invokeTestMethods(TestMethodWorker.java:125)
at org.testng.internal.TestMethodWorker.run(TestMethodWorker.java:109)
at org.testng.TestRunner.privateRun(TestRunner.java:648)
at org.testng.TestRunner.run(TestRunner.java:505)
at org.testng.SuiteRunner.runTest(SuiteRunner.java:455)
at org.testng.SuiteRunner.runSequentially(SuiteRunner.java:450)
at org.testng.SuiteRunner.privateRun(SuiteRunner.java:415)
at org.testng.SuiteRunner.run(SuiteRunner.java:364)
at org.testng.SuiteRunnerWorker.runSuite(SuiteRunnerWorker.java:52)
at org.testng.SuiteRunnerWorker.run(SuiteRunnerWorker.java:84)
at org.testng.TestNG.runSuitesSequentially(TestNG.java:1208)
at org.testng.TestNG.runSuitesLocally(TestNG.java:1137)
at org.testng.TestNG.runSuites(TestNG.java:1049)
at org.testng.TestNG.run(TestNG.java:1017)
at org.testng.remote.AbstractRemoteTestNG.run(AbstractRemoteTestNG.java:114)
at org.testng.remote.RemoteTestNG.initAndRun(RemoteTestNG.java:251)
at org.testng.remote.RemoteTestNG.main(RemoteTestNG.java:77)
]]>
            </full-stacktrace>
          </exception> <!-- java.lang.AssertionError -->
          <reporter-output>
            <line>
              <![CDATA[on test start]]>
            </line>
            <line>
              <![CDATA[on test failure]]>
            </line>
          </reporter-output>
        </test-method> <!-- searchProduct -->
        <test-method status="PASS" signature="close()[pri:0, instance:testScripts.TC001@490ab905]" name="close" is-config="true" duration-ms="471" started-at="2019-12-08T10:42:05Z" finished-at="2019-12-08T10:42:06Z">
          <reporter-output>
          </reporter-output>
        </test-method> <!-- close -->
      </class> <!-- testScripts.TC001 -->
    </test> <!-- Test -->
  </suite> <!-- Suite -->
</testng-results>
